[2020-06-09 14:55:56] local.ERROR: Invalid route action: [App\Http\Controllers\WebController]. {"exception":"[object] (UnexpectedValueException(code: 0): Invalid route action: [App\\Http\\Controllers\\WebController]. at /home/nineone/Downloads/Materi Informatika/Pemrograman Berbasis Web/PBW Praktikum 9/laravelapp/vendor/laravel/framework/src/Illuminate/Routing/RouteAction.php:89)
[stacktrace]
#0 /home/nineone/Downloads/Materi Informatika/Pemrograman Berbasis Web/PBW Praktikum 9/laravelapp/vendor/laravel/framework/src/Illuminate/Routing/RouteAction.php(46): Illuminate\\Routing\\RouteAction::makeInvokable('App\\\\Http\\\\Contro...')
#1 /home/nineone/Downloads/Materi Informatika/Pemrograman Berbasis Web/PBW Praktikum 9/laravelapp/vendor/laravel/framework/src/Illuminate/Routing/Route.php(162): Illuminate\\Routing\\RouteAction::parse('/', Array)
#2 /home/nineone/Downloads/Materi Informatika/Pemrograman Berbasis Web/PBW Praktikum 9/laravelapp/vendor/laravel/framework/src/Illuminate/Routing/Route.php(141): Illuminate\\Routing\\Route->parseAction(Array)
#3 /home/nineone/Downloads/Materi Informatika/Pemrograman Berbasis Web/PBW Praktikum 9/laravelapp/vendor/laravel/framework/src/Illuminate/Routing/Router.php(547): Illuminate\\Routing\\Route->__construct(Array, '/', Array)
#4 /home/nineone/Downloads/Materi Informatika/Pemrograman Berbasis Web/PBW Praktikum 9/laravelapp/vendor/laravel/framework/src/Illuminate/Routing/Router.php(466): Illuminate\\Routing\\Router->newRoute(Array, '/', Array)
#5 /home/nineone/Downloads/Materi Informatika/Pemrograman Berbasis Web/PBW Praktikum 9/laravelapp/vendor/laravel/framework/src/Illuminate/Routing/Router.php(445): Illuminate\\Routing\\Router->createRoute(Array, '/', Array)
#6 /home/nineone/Downloads/Materi Informatika/Pemrograman Berbasis Web/PBW Praktikum 9/laravelapp/vendor/laravel/framework/src/Illuminate/Routing/Router.php(144): Illuminate\\Routing\\Router->addRoute(Array, '/', 'WebController')
#7 /home/nineone/Downloads/Materi Informatika/Pemrograman Berbasis Web/PBW Praktikum 9/laravelapp/vendor/laravel/framework/src/Illuminate/Support/Facades/Facade.php(239): Illuminate\\Routing\\Router->get('/', 'WebController')
#8 /home/nineone/Downloads/Materi Informatika/Pemrograman Berbasis Web/PBW Praktikum 9/laravelapp/routes/web.php(14): Illuminate\\Support\\Facades\\Facade::__callStatic('get', Array)
#9 /home/nineone/Downloads/Materi Informatika/Pemrograman Berbasis Web/PBW Praktikum 9/laravelapp/vendor/laravel/framework/src/Illuminate/Routing/RouteFileRegistrar.php(35): require('/home/nineone/D...')
#10 /home/nineone/Downloads/Materi Informatika/Pemrograman Berbasis Web/PBW Praktikum 9/laravelapp/vendor/laravel/framework/src/Illuminate/Routing/Router.php(415): Illuminate\\Routing\\RouteFileRegistrar->register('/home/nineone/D...')
#11 /home/nineone/Downloads/Materi Informatika/Pemrograman Berbasis Web/PBW Praktikum 9/laravelapp/vendor/laravel/framework/src/Illuminate/Routing/Router.php(373): Illuminate\\Routing\\Router->loadRoutes('/home/nineone/D...')
#12 /home/nineone/Downloads/Materi Informatika/Pemrograman Berbasis Web/PBW Praktikum 9/laravelapp/vendor/laravel/framework/src/Illuminate/Routing/RouteRegistrar.php(121): Illuminate\\Routing\\Router->group(Array, '/home/nineone/D...')
#13 /home/nineone/Downloads/Materi Informatika/Pemrograman Berbasis Web/PBW Praktikum 9/laravelapp/app/Providers/RouteServiceProvider.php(56): Illuminate\\Routing\\RouteRegistrar->group('/home/nineone/D...')
#14 /home/nineone/Downloads/Materi Informatika/Pemrograman Berbasis Web/PBW Praktikum 9/laravelapp/app/Providers/RouteServiceProvider.php(40): App\\Providers\\RouteServiceProvider->mapWebRoutes()
#15 [internal function]: App\\Providers\\RouteServiceProvider->map()
#16 /home/nineone/Downloads/Materi Informatika/Pemrograman Berbasis Web/PBW Praktikum 9/laravelapp/vendor/laravel/framework/src/Illuminate/Container/BoundMethod.php(32): call_user_func_array(Array, Array)
#17 /home/nineone/Downloads/Materi Informatika/Pemrograman Berbasis Web/PBW Praktikum 9/laravelapp/vendor/laravel/framework/src/Illuminate/Container/BoundMethod.php(90): Illuminate\\Container\\BoundMethod::Illuminate\\Container\\{closure}()
#18 /home/nineone/Downloads/Materi Informatika/Pemrograman Berbasis Web/PBW Praktikum 9/laravelapp/vendor/laravel/framework/src/Illuminate/Container/BoundMethod.php(34): Illuminate\\Container\\BoundMethod::callBoundMethod(Object(Illuminate\\Foundation\\Application), Array, Object(Closure))
#19 /home/nineone/Downloads/Materi Informatika/Pemrograman Berbasis Web/PBW Praktikum 9/laravelapp/vendor/laravel/framework/src/Illuminate/Container/Container.php(576): Illuminate\\Container\\BoundMethod::call(Object(Illuminate\\Foundation\\Application), Array, Array, NULL)
#20 /home/nineone/Downloads/Materi Informatika/Pemrograman Berbasis Web/PBW Praktikum 9/laravelapp/vendor/laravel/framework/src/Illuminate/Foundation/Support/Providers/RouteServiceProvider.php(87): Illuminate\\Container\\Container->call(Array)
#21 /home/nineone/Downloads/Materi Informatika/Pemrograman Berbasis Web/PBW Praktikum 9/laravelapp/vendor/laravel/framework/src/Illuminate/Foundation/Support/Providers/RouteServiceProvider.php(36): Illuminate\\Foundation\\Support\\Providers\\RouteServiceProvider->loadRoutes()
#22 /home/nineone/Downloads/Materi Informatika/Pemrograman Berbasis Web/PBW Praktikum 9/laravelapp/app/Providers/RouteServiceProvider.php(28): Illuminate\\Foundation\\Support\\Providers\\RouteServiceProvider->boot()
#23 [internal function]: App\\Providers\\RouteServiceProvider->boot()
#24 /home/nineone/Downloads/Materi Informatika/Pemrograman Berbasis Web/PBW Praktikum 9/laravelapp/vendor/laravel/framework/src/Illuminate/Container/BoundMethod.php(32): call_user_func_array(Array, Array)
#25 /home/nineone/Downloads/Materi Informatika/Pemrograman Berbasis Web/PBW Praktikum 9/laravelapp/vendor/laravel/framework/src/Illuminate/Container/BoundMethod.php(90): Illuminate\\Container\\BoundMethod::Illuminate\\Container\\{closure}()
#26 /home/nineone/Downloads/Materi Informatika/Pemrograman Berbasis Web/PBW Praktikum 9/laravelapp/vendor/laravel/framework/src/Illuminate/Container/BoundMethod.php(34): Illuminate\\Container\\BoundMethod::callBoundMethod(Object(Illuminate\\Foundation\\Application), Array, Object(Closure))
#27 /home/nineone/Downloads/Materi Informatika/Pemrograman Berbasis Web/PBW Praktikum 9/laravelapp/vendor/laravel/framework/src/Illuminate/Container/Container.php(576): Illuminate\\Container\\BoundMethod::call(Object(Illuminate\\Foundation\\Application), Array, Array, NULL)
#28 /home/nineone/Downloads/Materi Informatika/Pemrograman Berbasis Web/PBW Praktikum 9/laravelapp/vendor/laravel/framework/src/Illuminate/Foundation/Application.php(827): Illuminate\\Container\\Container->call(Array)
#29 /home/nineone/Downloads/Materi Informatika/Pemrograman Berbasis Web/PBW Praktikum 9/laravelapp/vendor/laravel/framework/src/Illuminate/Foundation/Application.php(810): Illuminate\\Foundation\\Application->bootProvider(Object(App\\Providers\\RouteServiceProvider))
#30 [internal function]: Illuminate\\Foundation\\Application->Illuminate\\Foundation\\{closure}(Object(App\\Providers\\RouteServiceProvider), 20)
#31 /home/nineone/Downloads/Materi Informatika/Pemrograman Berbasis Web/PBW Praktikum 9/laravelapp/vendor/laravel/framework/src/Illuminate/Foundation/Application.php(811): array_walk(Array, Object(Closure))
#32 /home/nineone/Downloads/Materi Informatika/Pemrograman Berbasis Web/PBW Praktikum 9/laravelapp/vendor/laravel/framework/src/Illuminate/Foundation/Bootstrap/BootProviders.php(17): Illuminate\\Foundation\\Application->boot()
#33 /home/nineone/Downloads/Materi Informatika/Pemrograman Berbasis Web/PBW Praktikum 9/laravelapp/vendor/laravel/framework/src/Illuminate/Foundation/Application.php(210): Illuminate\\Foundation\\Bootstrap\\BootProviders->bootstrap(Object(Illuminate\\Foundation\\Application))
#34 /home/nineone/Downloads/Materi Informatika/Pemrograman Berbasis Web/PBW Praktikum 9/laravelapp/vendor/laravel/framework/src/Illuminate/Foundation/Console/Kernel.php(322): Illuminate\\Foundation\\Application->bootstrapWith(Array)
#35 /home/nineone/Downloads/Materi Informatika/Pemrograman Berbasis Web/PBW Praktikum 9/laravelapp/vendor/laravel/framework/src/Illuminate/Foundation/Console/Kernel.php(131): Illuminate\\Foundation\\Console\\Kernel->bootstrap()
#36 /home/nineone/Downloads/Materi Informatika/Pemrograman Berbasis Web/PBW Praktikum 9/laravelapp/artisan(37): Illuminate\\Foundation\\Console\\Kernel->handle(Object(Symfony\\Component\\Console\\Input\\ArgvInput), Object(Symfony\\Component\\Console\\Output\\ConsoleOutput))
#37 {main}
"} 
[2020-06-09 15:01:23] local.ERROR: Invalid route action: [App\Http\Controllers\WebController]. {"exception":"[object] (UnexpectedValueException(code: 0): Invalid route action: [App\\Http\\Controllers\\WebController]. at /home/nineone/Downloads/Materi Informatika/Pemrograman Berbasis Web/PBW Praktikum 9/laravelapp/vendor/laravel/framework/src/Illuminate/Routing/RouteAction.php:89)
[stacktrace]
#0 /home/nineone/Downloads/Materi Informatika/Pemrograman Berbasis Web/PBW Praktikum 9/laravelapp/vendor/laravel/framework/src/Illuminate/Routing/RouteAction.php(46): Illuminate\\Routing\\RouteAction::makeInvokable('App\\\\Http\\\\Contro...')
#1 /home/nineone/Downloads/Materi Informatika/Pemrograman Berbasis Web/PBW Praktikum 9/laravelapp/vendor/laravel/framework/src/Illuminate/Routing/Route.php(162): Illuminate\\Routing\\RouteAction::parse('/', Array)
#2 /home/nineone/Downloads/Materi Informatika/Pemrograman Berbasis Web/PBW Praktikum 9/laravelapp/vendor/laravel/framework/src/Illuminate/Routing/Route.php(141): Illuminate\\Routing\\Route->parseAction(Array)
#3 /home/nineone/Downloads/Materi Informatika/Pemrograman Berbasis Web/PBW Praktikum 9/laravelapp/vendor/laravel/framework/src/Illuminate/Routing/Router.php(547): Illuminate\\Routing\\Route->__construct(Array, '/', Array)
#4 /home/nineone/Downloads/Materi Informatika/Pemrograman Berbasis Web/PBW Praktikum 9/laravelapp/vendor/laravel/framework/src/Illuminate/Routing/Router.php(466): Illuminate\\Routing\\Router->newRoute(Array, '/', Array)
#5 /home/nineone/Downloads/Materi Informatika/Pemrograman Berbasis Web/PBW Praktikum 9/laravelapp/vendor/laravel/framework/src/Illuminate/Routing/Router.php(445): Illuminate\\Routing\\Router->createRoute(Array, '/', Array)
#6 /home/nineone/Downloads/Materi Informatika/Pemrograman Berbasis Web/PBW Praktikum 9/laravelapp/vendor/laravel/framework/src/Illuminate/Routing/Router.php(144): Illuminate\\Routing\\Router->addRoute(Array, '/', 'WebController')
#7 /home/nineone/Downloads/Materi Informatika/Pemrograman Berbasis Web/PBW Praktikum 9/laravelapp/vendor/laravel/framework/src/Illuminate/Support/Facades/Facade.php(239): Illuminate\\Routing\\Router->get('/', 'WebController')
#8 /home/nineone/Downloads/Materi Informatika/Pemrograman Berbasis Web/PBW Praktikum 9/laravelapp/routes/web.php(14): Illuminate\\Support\\Facades\\Facade::__callStatic('get', Array)
#9 /home/nineone/Downloads/Materi Informatika/Pemrograman Berbasis Web/PBW Praktikum 9/laravelapp/vendor/laravel/framework/src/Illuminate/Routing/RouteFileRegistrar.php(35): require('/home/nineone/D...')
#10 /home/nineone/Downloads/Materi Informatika/Pemrograman Berbasis Web/PBW Praktikum 9/laravelapp/vendor/laravel/framework/src/Illuminate/Routing/Router.php(415): Illuminate\\Routing\\RouteFileRegistrar->register('/home/nineone/D...')
#11 /home/nineone/Downloads/Materi Informatika/Pemrograman Berbasis Web/PBW Praktikum 9/laravelapp/vendor/laravel/framework/src/Illuminate/Routing/Router.php(373): Illuminate\\Routing\\Router->loadRoutes('/home/nineone/D...')
#12 /home/nineone/Downloads/Materi Informatika/Pemrograman Berbasis Web/PBW Praktikum 9/laravelapp/vendor/laravel/framework/src/Illuminate/Routing/RouteRegistrar.php(121): Illuminate\\Routing\\Router->group(Array, '/home/nineone/D...')
#13 /home/nineone/Downloads/Materi Informatika/Pemrograman Berbasis Web/PBW Praktikum 9/laravelapp/app/Providers/RouteServiceProvider.php(56): Illuminate\\Routing\\RouteRegistrar->group('/home/nineone/D...')
#14 /home/nineone/Downloads/Materi Informatika/Pemrograman Berbasis Web/PBW Praktikum 9/laravelapp/app/Providers/RouteServiceProvider.php(40): App\\Providers\\RouteServiceProvider->mapWebRoutes()
#15 [internal function]: App\\Providers\\RouteServiceProvider->map()
#16 /home/nineone/Downloads/Materi Informatika/Pemrograman Berbasis Web/PBW Praktikum 9/laravelapp/vendor/laravel/framework/src/Illuminate/Container/BoundMethod.php(32): call_user_func_array(Array, Array)
#17 /home/nineone/Downloads/Materi Informatika/Pemrograman Berbasis Web/PBW Praktikum 9/laravelapp/vendor/laravel/framework/src/Illuminate/Container/BoundMethod.php(90): Illuminate\\Container\\BoundMethod::Illuminate\\Container\\{closure}()
#18 /home/nineone/Downloads/Materi Informatika/Pemrograman Berbasis Web/PBW Praktikum 9/laravelapp/vendor/laravel/framework/src/Illuminate/Container/BoundMethod.php(34): Illuminate\\Container\\BoundMethod::callBoundMethod(Object(Illuminate\\Foundation\\Application), Array, Object(Closure))
#19 /home/nineone/Downloads/Materi Informatika/Pemrograman Berbasis Web/PBW Praktikum 9/laravelapp/vendor/laravel/framework/src/Illuminate/Container/Container.php(576): Illuminate\\Container\\BoundMethod::call(Object(Illuminate\\Foundation\\Application), Array, Array, NULL)
#20 /home/nineone/Downloads/Materi Informatika/Pemrograman Berbasis Web/PBW Praktikum 9/laravelapp/vendor/laravel/framework/src/Illuminate/Foundation/Support/Providers/RouteServiceProvider.php(87): Illuminate\\Container\\Container->call(Array)
#21 /home/nineone/Downloads/Materi Informatika/Pemrograman Berbasis Web/PBW Praktikum 9/laravelapp/vendor/laravel/framework/src/Illuminate/Foundation/Support/Providers/RouteServiceProvider.php(36): Illuminate\\Foundation\\Support\\Providers\\RouteServiceProvider->loadRoutes()
#22 /home/nineone/Downloads/Materi Informatika/Pemrograman Berbasis Web/PBW Praktikum 9/laravelapp/app/Providers/RouteServiceProvider.php(28): Illuminate\\Foundation\\Support\\Providers\\RouteServiceProvider->boot()
#23 [internal function]: App\\Providers\\RouteServiceProvider->boot()
#24 /home/nineone/Downloads/Materi Informatika/Pemrograman Berbasis Web/PBW Praktikum 9/laravelapp/vendor/laravel/framework/src/Illuminate/Container/BoundMethod.php(32): call_user_func_array(Array, Array)
#25 /home/nineone/Downloads/Materi Informatika/Pemrograman Berbasis Web/PBW Praktikum 9/laravelapp/vendor/laravel/framework/src/Illuminate/Container/BoundMethod.php(90): Illuminate\\Container\\BoundMethod::Illuminate\\Container\\{closure}()
#26 /home/nineone/Downloads/Materi Informatika/Pemrograman Berbasis Web/PBW Praktikum 9/laravelapp/vendor/laravel/framework/src/Illuminate/Container/BoundMethod.php(34): Illuminate\\Container\\BoundMethod::callBoundMethod(Object(Illuminate\\Foundation\\Application), Array, Object(Closure))
#27 /home/nineone/Downloads/Materi Informatika/Pemrograman Berbasis Web/PBW Praktikum 9/laravelapp/vendor/laravel/framework/src/Illuminate/Container/Container.php(576): Illuminate\\Container\\BoundMethod::call(Object(Illuminate\\Foundation\\Application), Array, Array, NULL)
#28 /home/nineone/Downloads/Materi Informatika/Pemrograman Berbasis Web/PBW Praktikum 9/laravelapp/vendor/laravel/framework/src/Illuminate/Foundation/Application.php(827): Illuminate\\Container\\Container->call(Array)
#29 /home/nineone/Downloads/Materi Informatika/Pemrograman Berbasis Web/PBW Praktikum 9/laravelapp/vendor/laravel/framework/src/Illuminate/Foundation/Application.php(810): Illuminate\\Foundation\\Application->bootProvider(Object(App\\Providers\\RouteServiceProvider))
#30 [internal function]: Illuminate\\Foundation\\Application->Illuminate\\Foundation\\{closure}(Object(App\\Providers\\RouteServiceProvider), 20)
#31 /home/nineone/Downloads/Materi Informatika/Pemrograman Berbasis Web/PBW Praktikum 9/laravelapp/vendor/laravel/framework/src/Illuminate/Foundation/Application.php(811): array_walk(Array, Object(Closure))
#32 /home/nineone/Downloads/Materi Informatika/Pemrograman Berbasis Web/PBW Praktikum 9/laravelapp/vendor/laravel/framework/src/Illuminate/Foundation/Bootstrap/BootProviders.php(17): Illuminate\\Foundation\\Application->boot()
#33 /home/nineone/Downloads/Materi Informatika/Pemrograman Berbasis Web/PBW Praktikum 9/laravelapp/vendor/laravel/framework/src/Illuminate/Foundation/Application.php(210): Illuminate\\Foundation\\Bootstrap\\BootProviders->bootstrap(Object(Illuminate\\Foundation\\Application))
#34 /home/nineone/Downloads/Materi Informatika/Pemrograman Berbasis Web/PBW Praktikum 9/laravelapp/vendor/laravel/framework/src/Illuminate/Foundation/Console/Kernel.php(322): Illuminate\\Foundation\\Application->bootstrapWith(Array)
#35 /home/nineone/Downloads/Materi Informatika/Pemrograman Berbasis Web/PBW Praktikum 9/laravelapp/vendor/laravel/framework/src/Illuminate/Foundation/Console/Kernel.php(131): Illuminate\\Foundation\\Console\\Kernel->bootstrap()
#36 /home/nineone/Downloads/Materi Informatika/Pemrograman Berbasis Web/PBW Praktikum 9/laravelapp/artisan(37): Illuminate\\Foundation\\Console\\Kernel->handle(Object(Symfony\\Component\\Console\\Input\\ArgvInput), Object(Symfony\\Component\\Console\\Output\\ConsoleOutput))
#37 {main}
"} 
